<?xml version="1.0" encoding="UTF-8"?>
<testsuite xmlns:xsi="http://www.w3.org/2001/XMLSchema-instance" xsi:noNamespaceSchemaLocation="https://maven.apache.org/surefire/maven-surefire-plugin/xsd/surefire-test-report-3.0.xsd" version="3.0" name="edu.eci.cvds.tdd.library.LibraryTest" time="0.056" tests="11" errors="0" skipped="0" failures="0">
  <properties>
[...]
</properties>
  <testcase name="testAddNewBook" classname="edu.eci.cvds.tdd.library.LibraryTest" time="0.003"/>
  <testcase name="testLoanBookFailIfUserNotExists" classname="edu.eci.cvds.tdd.library.LibraryTest" time="0.001"/>
  <testcase name="testReturnLoanValid" classname="edu.eci.cvds.tdd.library.LibraryTest" time="0.007"/>
  <testcase name="testReturnLoanNull" classname="edu.eci.cvds.tdd.library.LibraryTest" time="0.001"/>
  <testcase name="testAddBookShouldThrowExceptionWhenNull" classname="edu.eci.cvds.tdd.library.LibraryTest" time="0.0"/>
  <testcase name="testLoanBookCorrectly" classname="edu.eci.cvds.tdd.library.LibraryTest" time="0.0"/>
  <testcase name="testLoanBookFailIfBookNotExists" classname="edu.eci.cvds.tdd.library.LibraryTest" time="0.001"/>
  <testcase name="testLoanBookButWasLoan" classname="edu.eci.cvds.tdd.library.LibraryTest" time="0.0"/>
  <testcase name="testReturnLoanAlreadyReturned" classname="edu.eci.cvds.tdd.library.LibraryTest" time="0.0"/>
  <testcase name="testReturnLoanNoPresentInLoansOfSystem" classname="edu.eci.cvds.tdd.library.LibraryTest" time="0.0"/>
  <testcase name="testLoanBookNoAmount" classname="edu.eci.cvds.tdd.library.LibraryTest" time="0.0"/>
</testsuite>